<?xml version="1.0" encoding="UTF-8"?>
<!-- Generated by org.testng.reporters.JUnitReportReporter -->
<testsuite hostname="Nataraj" failures="0" tests="1" name="Base.BaseClass" time="0.007" errors="0" timestamp="2024-08-12T11:08:38 IST" skipped="0">
  <testcase classname="Base.BaseClass" name="method" time="0.007"/>
  <system-out/>
</testsuite> <!-- Base.BaseClass -->
