<?xml version="1.0" encoding="UTF-8"?>
<!-- Generated by org.testng.reporters.JUnitReportReporter -->
<testsuite hostname="Nataraj" failures="0" tests="1" name="TestPackage.TestNgClass" time="0.013" errors="0" timestamp="2024-08-15T10:15:21 IST" skipped="0">
  <testcase classname="TestPackage.TestNgClass" name="orange" time="0.013"/>
  <system-out/>
</testsuite> <!-- TestPackage.TestNgClass -->
