<?xml version="1.0" encoding="UTF-8"?>
<!-- Generated by org.testng.reporters.JUnitReportReporter -->
<testsuite hostname="Nataraj" failures="0" tests="1" name="TestPackage.LoginTest" time="44.750" errors="0" timestamp="2024-08-19T10:42:33 IST" skipped="0">
  <testcase classname="TestPackage.LoginTest" name="login" time="44.750"/>
  <system-out/>
</testsuite> <!-- TestPackage.LoginTest -->
