<?xml version="1.0" encoding="UTF-8"?>
<!-- Generated by org.testng.reporters.JUnitReportReporter -->
<testsuite hostname="Nataraj" failures="0" tests="1" name="TestPackage.DashBoardTest" time="1.623" errors="0" timestamp="2024-08-19T10:42:33 IST" skipped="0">
  <testcase classname="TestPackage.DashBoardTest" name="logout" time="1.623"/>
  <system-out/>
</testsuite> <!-- TestPackage.DashBoardTest -->
